<?xml version="1.0" encoding="UTF-8"?>
<testng-results skipped="0" failed="0" ignored="0" total="1" passed="1">
  <reporter-output>
  </reporter-output>
  <suite name="Default suite" duration-ms="2303" started-at="2022-09-04T21:56:47Z" finished-at="2022-09-04T21:56:49Z">
    <groups>
    </groups>
    <test name="Default test" duration-ms="2303" started-at="2022-09-04T21:56:47Z" finished-at="2022-09-04T21:56:49Z">
      <class name="Test.Test3">
        <test-method status="PASS" signature="userWillBeAbleToBrowse()[pri:0, instance:Test.Test3@7f77e91b]" name="userWillBeAbleToBrowse" duration-ms="2284" started-at="2022-09-04T21:56:47Z" finished-at="2022-09-04T21:56:49Z">
          <reporter-output>
          </reporter-output>
        </test-method> <!-- userWillBeAbleToBrowse -->
      </class> <!-- Test.Test3 -->
    </test> <!-- Default test -->
  </suite> <!-- Default suite -->
</testng-results>
